#
# A fatal error has been detected by the Java Runtime Environment:
#
#  Internal Error (javaClasses.cpp:126), pid=6404, tid=9644
#  fatal error: Invalid layout of preloaded class
#
# JRE version:  (8.0_31-b13) (build )
# Java VM: Java HotSpot(TM) 64-Bit Server VM (25.31-b07 mixed mode windows-amd64 compressed oops)
# Failed to write core dump. Minidumps are not enabled by default on client versions of Windows
#
# If you would like to submit a bug report, please visit:
#   http://bugreport.java.com/bugreport/crash.jsp
#

---------------  T H R E A D  ---------------

Current thread (0x000000000025e800):  JavaThread "Unknown thread" [_thread_in_vm, id=9644, stack(0x0000000002530000,0x0000000002630000)]

Stack: [0x0000000002530000,0x0000000002630000]
Native frames: (J=compiled Java code, j=interpreted, Vv=VM code, C=native code)
V  [jvm.dll+0x3169ba]
V  [jvm.dll+0x2674c3]
V  [jvm.dll+0x268103]
V  [jvm.dll+0x25f876]
V  [jvm.dll+0x5e443]
V  [jvm.dll+0x5e533]
V  [jvm.dll+0x72e9a]
V  [jvm.dll+0x73208]
V  [jvm.dll+0xe4997]
V  [jvm.dll+0xe4d26]
V  [jvm.dll+0x1fa057]
V  [jvm.dll+0x22b694]
V  [jvm.dll+0x14d8c1]
C  [javaw.exe+0x20c6]
C  [javaw.exe+0xc9eb]
C  [javaw.exe+0xca7f]
C  [kernel32.dll+0x1652d]
C  [ntdll.dll+0x2c521]


---------------  P R O C E S S  ---------------

Java Threads: ( => current thread )

Other Threads:

=>0x000000000025e800 (exited) JavaThread "Unknown thread" [_thread_in_vm, id=9644, stack(0x0000000002530000,0x0000000002630000)]

VM state:not at safepoint (not fully initialized)

VM Mutex/Monitor currently owned by a thread: None

GC Heap History (0 events):
No events

Deoptimization events (0 events):
No events

Internal exceptions (0 events):
No events

Events (10 events):
Event: 0.012 loading class java/lang/CharSequence done
Event: 0.012 loading class java/lang/String done
Event: 0.012 loading class java/lang/Class
Event: 0.012 loading class java/lang/reflect/AnnotatedElement
Event: 0.012 loading class java/lang/reflect/AnnotatedElement done
Event: 0.012 loading class java/lang/reflect/GenericDeclaration
Event: 0.012 loading class java/lang/reflect/GenericDeclaration done
Event: 0.012 loading class java/lang/reflect/Type
Event: 0.012 loading class java/lang/reflect/Type done
Event: 0.012 loading class java/lang/Class done


Dynamic libraries:
0x000000013f4b0000 - 0x000000013f4e4000 	C:\Program Files\Java\jre1.8.0_31\bin\javaw.exe
0x0000000077440000 - 0x00000000775e9000 	C:\Windows\SYSTEM32\ntdll.dll
0x0000000076ec0000 - 0x0000000076fdf000 	C:\Windows\system32\kernel32.dll
0x000007fefd990000 - 0x000007fefd9fc000 	C:\Windows\system32\KERNELBASE.dll
0x000007feff670000 - 0x000007feff74b000 	C:\Windows\system32\ADVAPI32.dll
0x000007fefe4e0000 - 0x000007fefe57f000 	C:\Windows\system32\msvcrt.dll
0x000007feff650000 - 0x000007feff66f000 	C:\Windows\SYSTEM32\sechost.dll
0x000007feff410000 - 0x000007feff53d000 	C:\Windows\system32\RPCRT4.dll
0x0000000077130000 - 0x000000007722a000 	C:\Windows\system32\USER32.dll
0x000007fefdc70000 - 0x000007fefdcd7000 	C:\Windows\system32\GDI32.dll
0x000007feff640000 - 0x000007feff64e000 	C:\Windows\system32\LPK.dll
0x000007fefe160000 - 0x000007fefe229000 	C:\Windows\system32\USP10.dll
0x000007fefc940000 - 0x000007fefcb34000 	C:\Windows\WinSxS\amd64_microsoft.windows.common-controls_6595b64144ccf1df_6.0.7601.17514_none_fa396087175ac9ac\COMCTL32.dll
0x000007fefe0e0000 - 0x000007fefe151000 	C:\Windows\system32\SHLWAPI.dll
0x000007fefe0b0000 - 0x000007fefe0de000 	C:\Windows\system32\IMM32.DLL
0x000007fefdfa0000 - 0x000007fefe0a9000 	C:\Windows\system32\MSCTF.dll
0x0000000061580000 - 0x0000000061652000 	C:\Program Files\Java\jre1.8.0_31\bin\msvcr100.dll
0x000000005ace0000 - 0x000000005b53a000 	C:\Program Files\Java\jre1.8.0_31\bin\server\jvm.dll
0x000007fefb710000 - 0x000007fefb719000 	C:\Windows\system32\WSOCK32.dll
0x000007feff3c0000 - 0x000007feff40d000 	C:\Windows\system32\WS2_32.dll
0x000007feff3b0000 - 0x000007feff3b8000 	C:\Windows\system32\NSI.dll
0x000007fefb9e0000 - 0x000007fefba1b000 	C:\Windows\system32\WINMM.dll
0x0000000077600000 - 0x0000000077607000 	C:\Windows\system32\PSAPI.DLL
0x0000000073a80000 - 0x0000000073a8f000 	C:\Program Files\Java\jre1.8.0_31\bin\verify.dll
0x00000000646b0000 - 0x00000000646d8000 	C:\Program Files\Java\jre1.8.0_31\bin\java.dll
0x0000000064690000 - 0x00000000646a6000 	C:\Program Files\Java\jre1.8.0_31\bin\zip.dll
0x000007fef9830000 - 0x000007fef9955000 	C:\Windows\system32\dbghelp.dll

VM Arguments:
jvm_args: -Dfile.encoding=Cp1256 -Xbootclasspath:C:\Amr\Progs\AndroidSDKNew\platforms\android-15\android.jar 
java_command: com.amr.tictacdroid.Splash
java_class_path (initial): C:\Amr\eclipse workspace\TicTacDroid\bin\classes;C:\Amr\eclipse workspace\TicTacDroid\libs\android-support-v4.jar;C:\Amr\Progs\AndroidSDKNew\tools\support\annotations.jar;C:\Amr\Progs\AndroidSDKNew\platforms\android-15\android.jar
Launcher Type: SUN_STANDARD

Environment Variables:
JAVA_HOME=C:\Program Files\Java\jdk1.7.0_07
PATH=C:/Program Files/Java/jre1.8.0_31/bin/server;C:/Program Files/Java/jre1.8.0_31/bin;C:/Program Files/Java/jre1.8.0_31/lib/amd64;c:\Program Files (x86)\AMD APP\bin\x86_64;c:\Program Files (x86)\AMD APP\bin\x86;C:\ProgramData\Oracle\Java\javapath;C:\Program Files\Common Files\Microsoft Shared\Windows Live;C:\Program Files (x86)\Common Files\Microsoft Shared\Windows Live;C:\WINDOWS\system32;C:\Windows\System32\wbem;C:\gtkmm\bin;C:\Program Files\Java\jdk1.7.0_07\bin;C:\Amr\Progs\adt-bundle-windows-x86_64-20130522\sdk\tools;C:\Program Files (x86)\Windows Live\Shared;C:\Program Files\MATLAB\R2013a\runtime\win64;C:\Program Files\MATLAB\R2013a\bin;C:\Program Files (x86)\Skype\Phone\;C:\Program Files (x86)\AMD\ATI.ACE\Core-Static;c:\Program Files (x86)\ATI Technologies\ATI.ACE\Core-Static;c:\mingw\bin;c:\gnuwin32\bin;c:\gnuwin32\lib;C:\Program Files (x86)\CodeBlocks\MinGW\bin;C:\MinGW\bin;C:\Program Files\eclipse;
USERNAME=Amr
OS=Windows_NT
PROCESSOR_IDENTIFIER=Intel64 Family 6 Model 42 Stepping 7, GenuineIntel



---------------  S Y S T E M  ---------------

OS: Windows 7 , 64 bit Build 7601 Service Pack 3

CPU:total 4 (2 cores per cpu, 2 threads per core) family 6 model 42 stepping 7, cmov, cx8, fxsr, mmx, sse, sse2, sse3, ssse3, sse4.1, sse4.2, popcnt, avx, aes, clmul, ht, tsc, tscinvbit

Memory: 4k page, physical 6238064k(2357752k free), swap 12474280k(7414732k free)

vm_info: Java HotSpot(TM) 64-Bit Server VM (25.31-b07) for windows-amd64 JRE (1.8.0_31-b13), built on Dec 17 2014 21:00:28 by "java_re" with MS VC++ 10.0 (VS2010)

time: Wed Jun 24 19:46:30 2015
elapsed time: 0 seconds (0d 0h 0m 0s)

