#
# A fatal error has been detected by the Java Runtime Environment:
#
#  Internal Error (javaClasses.cpp:129), pid=8736, tid=9808
#  fatal error: Invalid layout of preloaded class
#
# JRE version: 7.0_07-b11
# Java VM: Java HotSpot(TM) 64-Bit Server VM (23.3-b01 mixed mode windows-amd64 compressed oops)
# Failed to write core dump. Minidumps are not enabled by default on client versions of Windows
#
# If you would like to submit a bug report, please visit:
#   http://bugreport.sun.com/bugreport/crash.jsp
#

---------------  T H R E A D  ---------------

Current thread (0x000000000221c800):  JavaThread "Unknown thread" [_thread_in_vm, id=9808, stack(0x0000000002410000,0x0000000002510000)]

Stack: [0x0000000002410000,0x0000000002510000]

---------------  P R O C E S S  ---------------

Java Threads: ( => current thread )

Other Threads:

=>0x000000000221c800 (exited) JavaThread "Unknown thread" [_thread_in_vm, id=9808, stack(0x0000000002410000,0x0000000002510000)]

VM state:not at safepoint (not fully initialized)

VM Mutex/Monitor currently owned by a thread: None

GC Heap History (0 events):
No events

Deoptimization events (0 events):
No events

Internal exceptions (0 events):
No events

Events (10 events):
Event: 0.058 loading class 0x000000000213fdd0 done
Event: 0.059 loading class 0x0000000002102210 done
Event: 0.059 loading class 0x00000000021021e0
Event: 0.059 loading class 0x0000000002160260
Event: 0.059 loading class 0x0000000002160260 done
Event: 0.059 loading class 0x00000000021602a0
Event: 0.059 loading class 0x00000000021602a0 done
Event: 0.059 loading class 0x0000000009f9cc10
Event: 0.059 loading class 0x0000000009f9cc10 done
Event: 0.059 loading class 0x00000000021021e0 done


Dynamic libraries:
0x000000013f710000 - 0x000000013f744000 	C:\Program Files\Java\jre7\bin\javaw.exe
0x0000000077b50000 - 0x0000000077cf9000 	C:\Windows\SYSTEM32\ntdll.dll
0x0000000077a30000 - 0x0000000077b4f000 	C:\Windows\system32\kernel32.dll
0x000007fefe2b0000 - 0x000007fefe31c000 	C:\Windows\system32\KERNELBASE.dll
0x000007fefef50000 - 0x000007feff02b000 	C:\Windows\system32\ADVAPI32.dll
0x000007feffdc0000 - 0x000007feffe5f000 	C:\Windows\system32\msvcrt.dll
0x000007fefee40000 - 0x000007fefee5f000 	C:\Windows\SYSTEM32\sechost.dll
0x000007fefe610000 - 0x000007fefe73d000 	C:\Windows\system32\RPCRT4.dll
0x00000000775d0000 - 0x00000000776ca000 	C:\Windows\system32\USER32.dll
0x000007fefea30000 - 0x000007fefea97000 	C:\Windows\system32\GDI32.dll
0x000007fefef40000 - 0x000007fefef4e000 	C:\Windows\system32\LPK.dll
0x000007fefe540000 - 0x000007fefe609000 	C:\Windows\system32\USP10.dll
0x000007fefd0e0000 - 0x000007fefd2d4000 	C:\Windows\WinSxS\amd64_microsoft.windows.common-controls_6595b64144ccf1df_6.0.7601.17514_none_fa396087175ac9ac\COMCTL32.dll
0x000007fefed20000 - 0x000007fefed91000 	C:\Windows\system32\SHLWAPI.dll
0x000007fefe740000 - 0x000007fefe76e000 	C:\Windows\system32\IMM32.DLL
0x000007fefe380000 - 0x000007fefe489000 	C:\Windows\system32\MSCTF.dll
0x0000000064500000 - 0x00000000645d1000 	C:\Program Files\Java\jre7\bin\msvcr100.dll
0x000000005d200000 - 0x000000005d91f000 	C:\Program Files\Java\jre7\bin\server\jvm.dll
0x000007fef7000000 - 0x000007fef7009000 	C:\Windows\system32\WSOCK32.dll
0x000007fefe4f0000 - 0x000007fefe53d000 	C:\Windows\system32\WS2_32.dll
0x000007fefe980000 - 0x000007fefe988000 	C:\Windows\system32\NSI.dll
0x000007fefbaa0000 - 0x000007fefbadb000 	C:\Windows\system32\WINMM.dll
0x0000000077d10000 - 0x0000000077d17000 	C:\Windows\system32\PSAPI.DLL
0x0000000072550000 - 0x000000007255f000 	C:\Program Files\Java\jre7\bin\verify.dll
0x0000000072520000 - 0x0000000072548000 	C:\Program Files\Java\jre7\bin\java.dll
0x0000000072500000 - 0x0000000072515000 	C:\Program Files\Java\jre7\bin\zip.dll

VM Arguments:
jvm_args: -Dfile.encoding=Cp1252 -Xbootclasspath:C:\Amr\Progs\adt-bundle-windows-x86_64-20130522\sdk\platforms\android-8\android.jar 
java_command: com.amr.tictacdroid.Splash
Launcher Type: SUN_STANDARD

Environment Variables:
JAVA_HOME=C:\Program Files\Java\jdk1.7.0_07\bin
PATH=C:/Program Files/Java/jre7/bin/server;C:/Program Files/Java/jre7/bin;C:/Program Files/Java/jre7/lib/amd64;C:\WINDOWS\system32;C:\Windows\System32\wbem;C:\gtkmm\bin;C:\Program Files\Java\jdk1.7.0_07\bin;C:\Amr\Progs\adt-bundle-windows-x86_64-20130522\sdk\tools;C:\Program Files (x86)\CodeBlocks\MinGW\bin;C:\Program Files\eclipse;
USERNAME=Amr
OS=Windows_NT
PROCESSOR_IDENTIFIER=Intel64 Family 6 Model 42 Stepping 7, GenuineIntel



---------------  S Y S T E M  ---------------

OS: Windows 7 , 64 bit Build 7601 Service Pack 3

CPU:total 4 (2 cores per cpu, 2 threads per core) family 6 model 42 stepping 7, cmov, cx8, fxsr, mmx, sse, sse2, sse3, ssse3, sse4.1, sse4.2, popcnt, avx, ht, tsc, tscinvbit

Memory: 4k page, physical 6238064k(3337256k free), swap 12474280k(8042476k free)

vm_info: Java HotSpot(TM) 64-Bit Server VM (23.3-b01) for windows-amd64 JRE (1.7.0_07-b11), built on Sep  7 2012 01:19:25 by "java_re" with unknown MS VC++:1600

time: Wed Aug 07 12:49:40 2013
elapsed time: 0 seconds

